<?xml version="1.0" encoding="UTF-8"?>
<testng-results total="1" passed="1" failed="0" skipped="0">
  <reporter-output>
  </reporter-output>
  <suite started-at="2021-01-12T17:05:21Z" name="Default suite" finished-at="2021-01-12T17:06:43Z" duration-ms="81385">
    <groups>
      <group name="cucumber">
        <method signature="AbstractTestNGCucumberTests.feature(cucumber.api.testng.CucumberFeatureWrapper)[pri:0, instance:cucumberTest.TestRunner@6c61a903]" name="feature" class="cucumber.api.testng.AbstractTestNGCucumberTests"/>
      </group> <!-- cucumber -->
    </groups>
    <test started-at="2021-01-12T17:05:21Z" name="Default test" finished-at="2021-01-12T17:06:43Z" duration-ms="81385">
      <class name="cucumberTest.TestRunner">
        <test-method is-config="true" signature="setUpClass()[pri:0, instance:cucumberTest.TestRunner@6c61a903]" started-at="2021-01-12T22:35:21Z" name="setUpClass" finished-at="2021-01-12T22:35:22Z" duration-ms="539" status="PASS">
          <reporter-output>
          </reporter-output>
        </test-method> <!-- setUpClass -->
        <test-method signature="feature(cucumber.api.testng.CucumberFeatureWrapper)[pri:0, instance:cucumberTest.TestRunner@6c61a903]" started-at="2021-01-12T22:35:22Z" name="feature" description="Runs Cucumber Feature" data-provider="features" finished-at="2021-01-12T22:36:42Z" duration-ms="80084" status="PASS">
          <params>
            <param index="0">
              <value>
                <![CDATA[OpenTable Details of restaurant]]>
              </value>
            </param>
          </params>
          <reporter-output>
          </reporter-output>
        </test-method> <!-- feature -->
        <test-method is-config="true" signature="tearDownClass()[pri:0, instance:cucumberTest.TestRunner@6c61a903]" started-at="2021-01-12T22:36:42Z" name="tearDownClass" finished-at="2021-01-12T22:36:43Z" duration-ms="541" status="PASS">
          <reporter-output>
          </reporter-output>
        </test-method> <!-- tearDownClass -->
      </class> <!-- cucumberTest.TestRunner -->
    </test> <!-- Default test -->
  </suite> <!-- Default suite -->
</testng-results>
