<?xml version="1.0" encoding="UTF-8"?>
<testng-results total="1" passed="1" failed="0" skipped="0">
  <reporter-output>
  </reporter-output>
  <suite started-at="2021-01-11T14:28:32Z" name="Default suite" finished-at="2021-01-11T14:29:31Z" duration-ms="59303">
    <groups>
      <group name="cucumber">
        <method signature="AbstractTestNGCucumberTests.feature(cucumber.api.testng.CucumberFeatureWrapper)[pri:0, instance:cucumberTest.TestRunner@29a5f4e7]" name="feature" class="cucumber.api.testng.AbstractTestNGCucumberTests"/>
      </group> <!-- cucumber -->
    </groups>
    <test started-at="2021-01-11T14:28:32Z" name="Default test" finished-at="2021-01-11T14:29:31Z" duration-ms="59303">
      <class name="cucumberTest.TestRunner">
        <test-method is-config="true" signature="setUpClass()[pri:0, instance:cucumberTest.TestRunner@29a5f4e7]" started-at="2021-01-11T19:58:32Z" name="setUpClass" finished-at="2021-01-11T19:58:32Z" duration-ms="295" status="PASS">
          <reporter-output>
          </reporter-output>
        </test-method> <!-- setUpClass -->
        <test-method signature="feature(cucumber.api.testng.CucumberFeatureWrapper)[pri:0, instance:cucumberTest.TestRunner@29a5f4e7]" started-at="2021-01-11T19:58:32Z" name="feature" description="Runs Cucumber Feature" data-provider="features" finished-at="2021-01-11T19:59:31Z" duration-ms="58707" status="PASS">
          <params>
            <param index="0">
              <value>
                <![CDATA[OpenTable Details of restaurant]]>
              </value>
            </param>
          </params>
          <reporter-output>
          </reporter-output>
        </test-method> <!-- feature -->
        <test-method is-config="true" signature="tearDownClass()[pri:0, instance:cucumberTest.TestRunner@29a5f4e7]" started-at="2021-01-11T19:59:31Z" name="tearDownClass" finished-at="2021-01-11T19:59:31Z" duration-ms="55" status="PASS">
          <reporter-output>
          </reporter-output>
        </test-method> <!-- tearDownClass -->
      </class> <!-- cucumberTest.TestRunner -->
    </test> <!-- Default test -->
  </suite> <!-- Default suite -->
</testng-results>
